<component name="libraryTable">
  <library name="junit-4.12">
    <CLASSES>
      <root url="jar://$USER_HOME$/Downloads/zip/junit-4.12.jar!/" />
      <root url="jar://$USER_HOME$/Downloads/zip/hamcrest-all-1.3.jar!/" />
    </CLASSES>
    <JAVADOC />
    <SOURCES />
  </library>
</component>